Determining size of off64_t failed with the following output:
Change Dir: C:/Users/dkvandyke/Source/Repos/09_zLib/zlib/build/CMakeFiles/CMakeTmp

Run Build Command:"C:/Program Files (x86)/MSBuild/12.0/bin/MSBuild.exe" "cmTC_27fad.vcxproj" "/p:Configuration=Debug" "/p:VisualStudioVersion=12.0"
Microsoft (R) Build Engine version 12.0.31101.0
[Microsoft .NET Framework, version 4.0.30319.34209]
Copyright (C) Microsoft Corporation. All rights reserved.

Build started 8/20/2015 2:26:54 PM.
Project "C:\Users\dkvandyke\Source\Repos\09_zLib\zlib\build\CMakeFiles\CMakeTmp\cmTC_27fad.vcxproj" on node 1 (default targets).
PrepareForBuild:
  Creating directory "cmTC_27fad.dir\Debug\".
  Creating directory "C:\Users\dkvandyke\Source\Repos\09_zLib\zlib\build\CMakeFiles\CMakeTmp\Debug\".
  Creating directory "cmTC_27fad.dir\Debug\cmTC_27fad.tlog\".
InitializeBuildStatus:
  Creating "cmTC_27fad.dir\Debug\cmTC_27fad.tlog\unsuccessfulbuild" because "AlwaysCreate" was specified.
ClCompile:
  C:\Program Files (x86)\Microsoft Visual Studio 12.0\VC\bin\CL.exe /c /Zi /W3 /WX- /Od /Ob0 /Oy- /D WIN32 /D _WINDOWS /D _DEBUG /D _LARGEFILE64_SOURCE=1 /D HAVE_SYS_TYPES_H /D HAVE_STDINT_H /D HAVE_STDDEF_H /D "CMAKE_INTDIR=\"Debug\"" /D _MBCS /Gm- /RTC1 /MDd /GS /fp:precise /Zc:wchar_t /Zc:forScope /Fo"cmTC_27fad.dir\Debug\\" /Fd"cmTC_27fad.dir\Debug\vc120.pdb" /Gd /TC /analyze- /errorReport:queue C:\Users\dkvandyke\Source\Repos\09_zLib\zlib\build\CMakeFiles\CheckTypeSize\OFF64_T.c
  Microsoft (R) C/C++ Optimizing Compiler Version 18.00.31101 for x86
  Copyright (C) Microsoft Corporation.  All rights reserved.
  
  cl /c /Zi /W3 /WX- /Od /Ob0 /Oy- /D WIN32 /D _WINDOWS /D _DEBUG /D _LARGEFILE64_SOURCE=1 /D HAVE_SYS_TYPES_H /D HAVE_STDINT_H /D HAVE_STDDEF_H /D "CMAKE_INTDIR=\"Debug\"" /D _MBCS /Gm- /RTC1 /MDd /GS /fp:precise /Zc:wchar_t /Zc:forScope /Fo"cmTC_27fad.dir\Debug\\" /Fd"cmTC_27fad.dir\Debug\vc120.pdb" /Gd /TC /analyze- /errorReport:queue C:\Users\dkvandyke\Source\Repos\09_zLib\zlib\build\CMakeFiles\CheckTypeSize\OFF64_T.c
  
  OFF64_T.c
C:\Users\dkvandyke\Source\Repos\09_zLib\zlib\build\CMakeFiles\CheckTypeSize\OFF64_T.c(19): error C2065: 'off64_t' : undeclared identifier [C:\Users\dkvandyke\Source\Repos\09_zLib\zlib\build\CMakeFiles\CMakeTmp\cmTC_27fad.vcxproj]
C:\Users\dkvandyke\Source\Repos\09_zLib\zlib\build\CMakeFiles\CheckTypeSize\OFF64_T.c(20): error C2065: 'off64_t' : undeclared identifier [C:\Users\dkvandyke\Source\Repos\09_zLib\zlib\build\CMakeFiles\CMakeTmp\cmTC_27fad.vcxproj]
C:\Users\dkvandyke\Source\Repos\09_zLib\zlib\build\CMakeFiles\CheckTypeSize\OFF64_T.c(21): error C2065: 'off64_t' : undeclared identifier [C:\Users\dkvandyke\Source\Repos\09_zLib\zlib\build\CMakeFiles\CMakeTmp\cmTC_27fad.vcxproj]
C:\Users\dkvandyke\Source\Repos\09_zLib\zlib\build\CMakeFiles\CheckTypeSize\OFF64_T.c(22): error C2065: 'off64_t' : undeclared identifier [C:\Users\dkvandyke\Source\Repos\09_zLib\zlib\build\CMakeFiles\CMakeTmp\cmTC_27fad.vcxproj]
C:\Users\dkvandyke\Source\Repos\09_zLib\zlib\build\CMakeFiles\CheckTypeSize\OFF64_T.c(23): error C2065: 'off64_t' : undeclared identifier [C:\Users\dkvandyke\Source\Repos\09_zLib\zlib\build\CMakeFiles\CMakeTmp\cmTC_27fad.vcxproj]
Done Building Project "C:\Users\dkvandyke\Source\Repos\09_zLib\zlib\build\CMakeFiles\CMakeTmp\cmTC_27fad.vcxproj" (default targets) -- FAILED.

Build FAILED.

"C:\Users\dkvandyke\Source\Repos\09_zLib\zlib\build\CMakeFiles\CMakeTmp\cmTC_27fad.vcxproj" (default target) (1) ->
(ClCompile target) -> 
  C:\Users\dkvandyke\Source\Repos\09_zLib\zlib\build\CMakeFiles\CheckTypeSize\OFF64_T.c(19): error C2065: 'off64_t' : undeclared identifier [C:\Users\dkvandyke\Source\Repos\09_zLib\zlib\build\CMakeFiles\CMakeTmp\cmTC_27fad.vcxproj]
  C:\Users\dkvandyke\Source\Repos\09_zLib\zlib\build\CMakeFiles\CheckTypeSize\OFF64_T.c(20): error C2065: 'off64_t' : undeclared identifier [C:\Users\dkvandyke\Source\Repos\09_zLib\zlib\build\CMakeFiles\CMakeTmp\cmTC_27fad.vcxproj]
  C:\Users\dkvandyke\Source\Repos\09_zLib\zlib\build\CMakeFiles\CheckTypeSize\OFF64_T.c(21): error C2065: 'off64_t' : undeclared identifier [C:\Users\dkvandyke\Source\Repos\09_zLib\zlib\build\CMakeFiles\CMakeTmp\cmTC_27fad.vcxproj]
  C:\Users\dkvandyke\Source\Repos\09_zLib\zlib\build\CMakeFiles\CheckTypeSize\OFF64_T.c(22): error C2065: 'off64_t' : undeclared identifier [C:\Users\dkvandyke\Source\Repos\09_zLib\zlib\build\CMakeFiles\CMakeTmp\cmTC_27fad.vcxproj]
  C:\Users\dkvandyke\Source\Repos\09_zLib\zlib\build\CMakeFiles\CheckTypeSize\OFF64_T.c(23): error C2065: 'off64_t' : undeclared identifier [C:\Users\dkvandyke\Source\Repos\09_zLib\zlib\build\CMakeFiles\CMakeTmp\cmTC_27fad.vcxproj]

    0 Warning(s)
    5 Error(s)

Time Elapsed 00:00:01.39

C:/Users/dkvandyke/Source/Repos/09_zLib/zlib/build/CMakeFiles/CheckTypeSize/OFF64_T.c:
#include <sys/types.h>
#include <stdint.h>
#include <stddef.h>


#undef KEY
#if defined(__i386)
# define KEY '_','_','i','3','8','6'
#elif defined(__x86_64)
# define KEY '_','_','x','8','6','_','6','4'
#elif defined(__ppc__)
# define KEY '_','_','p','p','c','_','_'
#elif defined(__ppc64__)
# define KEY '_','_','p','p','c','6','4','_','_'
#endif

#define SIZE (sizeof(off64_t))
char info_size[] =  {'I', 'N', 'F', 'O', ':', 's','i','z','e','[',
  ('0' + ((SIZE / 10000)%10)),
  ('0' + ((SIZE / 1000)%10)),
  ('0' + ((SIZE / 100)%10)),
  ('0' + ((SIZE / 10)%10)),
  ('0' +  (SIZE    % 10)),
  ']',
#ifdef KEY
  ' ','k','e','y','[', KEY, ']',
#endif
  '\0'};

#ifdef __CLASSIC_C__
int main(argc, argv) int argc; char *argv[];
#else
int main(int argc, char *argv[])
#endif
{
  int require = 0;
  require += info_size[argc];
  (void)argv;
  return require;
}


Determining if the function fseeko exists failed with the following output:
Change Dir: C:/Users/dkvandyke/Source/Repos/09_zLib/zlib/build/CMakeFiles/CMakeTmp

Run Build Command:"C:/Program Files (x86)/MSBuild/12.0/bin/MSBuild.exe" "cmTC_6b43d.vcxproj" "/p:Configuration=Debug" "/p:VisualStudioVersion=12.0"
Microsoft (R) Build Engine version 12.0.31101.0
[Microsoft .NET Framework, version 4.0.30319.34209]
Copyright (C) Microsoft Corporation. All rights reserved.

Build started 8/20/2015 2:26:56 PM.
Project "C:\Users\dkvandyke\Source\Repos\09_zLib\zlib\build\CMakeFiles\CMakeTmp\cmTC_6b43d.vcxproj" on node 1 (default targets).
PrepareForBuild:
  Creating directory "cmTC_6b43d.dir\Debug\".
  Creating directory "C:\Users\dkvandyke\Source\Repos\09_zLib\zlib\build\CMakeFiles\CMakeTmp\Debug\".
  Creating directory "cmTC_6b43d.dir\Debug\cmTC_6b43d.tlog\".
InitializeBuildStatus:
  Creating "cmTC_6b43d.dir\Debug\cmTC_6b43d.tlog\unsuccessfulbuild" because "AlwaysCreate" was specified.
ClCompile:
  C:\Program Files (x86)\Microsoft Visual Studio 12.0\VC\bin\CL.exe /c /Zi /W3 /WX- /Od /Ob0 /Oy- /D WIN32 /D _WINDOWS /D CHECK_FUNCTION_EXISTS=fseeko /D _DEBUG /D "CMAKE_INTDIR=\"Debug\"" /D _MBCS /Gm- /RTC1 /MDd /GS /fp:precise /Zc:wchar_t /Zc:forScope /Fo"cmTC_6b43d.dir\Debug\\" /Fd"cmTC_6b43d.dir\Debug\vc120.pdb" /Gd /TC /analyze- /errorReport:queue "C:\Program Files (x86)\CMake\share\cmake-3.3\Modules\CheckFunctionExists.c"
  Microsoft (R) C/C++ Optimizing Compiler Version 18.00.31101 for x86
  Copyright (C) Microsoft Corporation.  All rights reserved.
  
  cl /c /Zi /W3 /WX- /Od /Ob0 /Oy- /D WIN32 /D _WINDOWS /D CHECK_FUNCTION_EXISTS=fseeko /D _DEBUG /D "CMAKE_INTDIR=\"Debug\"" /D _MBCS /Gm- /RTC1 /MDd /GS /fp:precise /Zc:wchar_t /Zc:forScope /Fo"cmTC_6b43d.dir\Debug\\" /Fd"cmTC_6b43d.dir\Debug\vc120.pdb" /Gd /TC /analyze- /errorReport:queue "C:\Program Files (x86)\CMake\share\cmake-3.3\Modules\CheckFunctionExists.c"
  
  CheckFunctionExists.c
Link:
  C:\Program Files (x86)\Microsoft Visual Studio 12.0\VC\bin\link.exe /ERRORREPORT:QUEUE /OUT:"C:\Users\dkvandyke\Source\Repos\09_zLib\zlib\build\CMakeFiles\CMakeTmp\Debug\cmTC_6b43d.exe" /INCREMENTAL /NOLOGO kernel32.lib user32.lib gdi32.lib winspool.lib shell32.lib ole32.lib oleaut32.lib uuid.lib comdlg32.lib advapi32.lib /MANIFEST /MANIFESTUAC:"level='asInvoker' uiAccess='false'" /manifest:embed /DEBUG /PDB:"C:/Users/dkvandyke/Source/Repos/09_zLib/zlib/build/CMakeFiles/CMakeTmp/Debug/cmTC_6b43d.pdb" /SUBSYSTEM:CONSOLE /TLBID:1 /DYNAMICBASE /NXCOMPAT /IMPLIB:"C:/Users/dkvandyke/Source/Repos/09_zLib/zlib/build/CMakeFiles/CMakeTmp/Debug/cmTC_6b43d.lib" /MACHINE:X86 /SAFESEH  /machine:X86 /debug cmTC_6b43d.dir\Debug\CheckFunctionExists.obj
CheckFunctionExists.obj : error LNK2019: unresolved external symbol _fseeko referenced in function _main [C:\Users\dkvandyke\Source\Repos\09_zLib\zlib\build\CMakeFiles\CMakeTmp\cmTC_6b43d.vcxproj]
C:\Users\dkvandyke\Source\Repos\09_zLib\zlib\build\CMakeFiles\CMakeTmp\Debug\cmTC_6b43d.exe : fatal error LNK1120: 1 unresolved externals [C:\Users\dkvandyke\Source\Repos\09_zLib\zlib\build\CMakeFiles\CMakeTmp\cmTC_6b43d.vcxproj]
Done Building Project "C:\Users\dkvandyke\Source\Repos\09_zLib\zlib\build\CMakeFiles\CMakeTmp\cmTC_6b43d.vcxproj" (default targets) -- FAILED.

Build FAILED.

"C:\Users\dkvandyke\Source\Repos\09_zLib\zlib\build\CMakeFiles\CMakeTmp\cmTC_6b43d.vcxproj" (default target) (1) ->
(Link target) -> 
  CheckFunctionExists.obj : error LNK2019: unresolved external symbol _fseeko referenced in function _main [C:\Users\dkvandyke\Source\Repos\09_zLib\zlib\build\CMakeFiles\CMakeTmp\cmTC_6b43d.vcxproj]
  C:\Users\dkvandyke\Source\Repos\09_zLib\zlib\build\CMakeFiles\CMakeTmp\Debug\cmTC_6b43d.exe : fatal error LNK1120: 1 unresolved externals [C:\Users\dkvandyke\Source\Repos\09_zLib\zlib\build\CMakeFiles\CMakeTmp\cmTC_6b43d.vcxproj]

    0 Warning(s)
    2 Error(s)

Time Elapsed 00:00:01.91


Determining if the include file unistd.h exists failed with the following output:
Change Dir: C:/Users/dkvandyke/Source/Repos/09_zLib/zlib/build/CMakeFiles/CMakeTmp

Run Build Command:"C:/Program Files (x86)/MSBuild/12.0/bin/MSBuild.exe" "cmTC_aff38.vcxproj" "/p:Configuration=Debug" "/p:VisualStudioVersion=12.0"
Microsoft (R) Build Engine version 12.0.31101.0
[Microsoft .NET Framework, version 4.0.30319.34209]
Copyright (C) Microsoft Corporation. All rights reserved.

Build started 8/20/2015 2:26:59 PM.
Project "C:\Users\dkvandyke\Source\Repos\09_zLib\zlib\build\CMakeFiles\CMakeTmp\cmTC_aff38.vcxproj" on node 1 (default targets).
PrepareForBuild:
  Creating directory "cmTC_aff38.dir\Debug\".
  Creating directory "C:\Users\dkvandyke\Source\Repos\09_zLib\zlib\build\CMakeFiles\CMakeTmp\Debug\".
  Creating directory "cmTC_aff38.dir\Debug\cmTC_aff38.tlog\".
InitializeBuildStatus:
  Creating "cmTC_aff38.dir\Debug\cmTC_aff38.tlog\unsuccessfulbuild" because "AlwaysCreate" was specified.
ClCompile:
  C:\Program Files (x86)\Microsoft Visual Studio 12.0\VC\bin\CL.exe /c /Zi /W3 /WX- /Od /Ob0 /Oy- /D WIN32 /D _WINDOWS /D _DEBUG /D "CMAKE_INTDIR=\"Debug\"" /D _MBCS /Gm- /RTC1 /MDd /GS /fp:precise /Zc:wchar_t /Zc:forScope /Fo"cmTC_aff38.dir\Debug\\" /Fd"cmTC_aff38.dir\Debug\vc120.pdb" /Gd /TC /analyze- /errorReport:queue C:\Users\dkvandyke\Source\Repos\09_zLib\zlib\build\CMakeFiles\CMakeTmp\CheckIncludeFile.c
  Microsoft (R) C/C++ Optimizing Compiler Version 18.00.31101 for x86
  Copyright (C) Microsoft Corporation.  All rights reserved.
  
  cl /c /Zi /W3 /WX- /Od /Ob0 /Oy- /D WIN32 /D _WINDOWS /D _DEBUG /D "CMAKE_INTDIR=\"Debug\"" /D _MBCS /Gm- /RTC1 /MDd /GS /fp:precise /Zc:wchar_t /Zc:forScope /Fo"cmTC_aff38.dir\Debug\\" /Fd"cmTC_aff38.dir\Debug\vc120.pdb" /Gd /TC /analyze- /errorReport:queue C:\Users\dkvandyke\Source\Repos\09_zLib\zlib\build\CMakeFiles\CMakeTmp\CheckIncludeFile.c
  
  CheckIncludeFile.c
C:\Users\dkvandyke\Source\Repos\09_zLib\zlib\build\CMakeFiles\CMakeTmp\CheckIncludeFile.c(1): fatal error C1083: Cannot open include file: 'unistd.h': No such file or directory [C:\Users\dkvandyke\Source\Repos\09_zLib\zlib\build\CMakeFiles\CMakeTmp\cmTC_aff38.vcxproj]
Done Building Project "C:\Users\dkvandyke\Source\Repos\09_zLib\zlib\build\CMakeFiles\CMakeTmp\cmTC_aff38.vcxproj" (default targets) -- FAILED.

Build FAILED.

"C:\Users\dkvandyke\Source\Repos\09_zLib\zlib\build\CMakeFiles\CMakeTmp\cmTC_aff38.vcxproj" (default target) (1) ->
(ClCompile target) -> 
  C:\Users\dkvandyke\Source\Repos\09_zLib\zlib\build\CMakeFiles\CMakeTmp\CheckIncludeFile.c(1): fatal error C1083: Cannot open include file: 'unistd.h': No such file or directory [C:\Users\dkvandyke\Source\Repos\09_zLib\zlib\build\CMakeFiles\CMakeTmp\cmTC_aff38.vcxproj]

    0 Warning(s)
    1 Error(s)

Time Elapsed 00:00:01.40


